<?xml version='1.0' encoding='UTF-8'?>
<testsuite hostname="DESKTOP-H53F1OR" name="PlayerSpec" tests="10" errors="0" failures="0" skipped="0" time="0.033" timestamp="2018-10-08T21:00:58">
                     <properties>
[...]
</properties>
                     <testcase classname="PlayerSpec" name="Test : createShip" time="0.026">
                                                 
                                               </testcase><testcase classname="PlayerSpec" name="Test : isDead (check if the player is dead)" time="0.001">
                                                 
                                               </testcase><testcase classname="PlayerSpec" name="Test : isShootGood (check if the coordinate is contained in the ListShotGood)" time="0.0">
                                                 
                                               </testcase><testcase classname="PlayerSpec" name="Test : isShootBad (check if the coordinate is contained in the ListShotBad)" time="0.001">
                                                 
                                               </testcase><testcase classname="PlayerSpec" name="Test : reset (check if the ListShot and ListShip is empty after reset player)" time="0.003">
                                                 
                                               </testcase><testcase classname="PlayerSpec" name="Test : removeShip (check if the ship is remove)" time="0.001">
                                                 
                                               </testcase><testcase classname="PlayerSpec" name="Test : addShot (check if the shot is added in the list)" time="0.0">
                                                 
                                               </testcase><testcase classname="PlayerSpec" name="Test : addShip (check if the ship is added in the list)" time="0.0">
                                                 
                                               </testcase><testcase classname="PlayerSpec" name="Test : isContainedInOneShip (check if the coordinate is contained in one ship of the player)" time="0.001">
                                                 
                                               </testcase><testcase classname="PlayerSpec" name="Test : addScore (check if the score is increased)" time="0.0">
                                                 
                                               </testcase>
                     <system-out><![CDATA[]]></system-out>
                     <system-err><![CDATA[]]></system-err>
                   </testsuite>